total 120
-rw-------  1 mhsatto k5a  1052 Nov  3 13:48 .Xauthority
lrwxrwxrwx  1 mhsatto k5a    17 Oct 14 16:52 .Xdefaults -> bin/src/Xdefaults
-rw-------  1 mhsatto k5a  4723 Nov  3 13:48 .bash_history
lrwxrwxrwx  1 mhsatto k5a    14 Oct 14 18:07 .bashext -> bin/src/bashrc
lrwxrwxrwx  1 mhsatto k5a    19 Oct 14 18:14 .bashrc -> bin/src/bashrc.base
lrwxrwxrwx  1 mhsatto k5a    17 Feb  3  2010 .dir_colors -> bin/src/dircolors
drwxr-x--x  3 mhsatto k5a  4096 Oct 15  2004 .emacs.d
lrwxrwxrwx  1 mhsatto k5a    12 Oct 14 16:50 .exrc -> bin/src/exrc
-rw-r--r--  1 mhsatto k5a  3967 Oct 26 21:43 .history
drwxr-x--x  3 mhsatto k5a  4096 Jan 10  2005 .java
-rw-------  1 mhsatto k5a    35 Oct 15 17:55 .lesshst
-rw-r-----  1 mhsatto k5a 25555 Oct 15 14:18 .nedit
-rw-r--r--  1 mhsatto k5a  1223 Oct 15 19:08 .neditdb
-rw-------  1 mhsatto k5a   709 Mar  8  2010 .nzsql_history
lrwxrwxrwx  1 mhsatto k5a    19 Oct 15 13:25 .profile -> bin/src/bashrc.base
lrwxrwxrwx  1 mhsatto k5a    18 Oct 14 16:50 .profile-nz -> bin/src/profile-nz
drwx------  2 mhsatto k5a  4096 Feb  3  2010 .ssh
drwxr-x--x  4 mhsatto k5a  4096 Apr 29  2010 .vim
-rw-------  1 mhsatto k5a  4638 Apr 26  2010 .viminfo
lrwxrwxrwx  1 mhsatto k5a    13 Oct 14 16:50 .vimrc -> bin/src/vimrc
drwx------ 10 mhsatto k5a  8192 Feb  8  2010 ark
-rw-rw-rw-  1 mhsatto k5a  5367 Dec  3  2002 ascii.chart
drwx--x---  7 mhsatto k5a  8192 Oct 15 19:19 bin
drwx------ 16 mhsatto k5a  4096 Aug 26 14:25 dev
drwx--x--- 15 mhsatto k5a  4096 Feb  5  2010 docs
-rw-r--r--  1 mhsatto k5a     0 Nov  3 13:49 homedir.out
drwxr-xr-x  4 mhsatto k5a  4096 Feb  5  2010 projects
drwxr-xr-x  2 mhsatto k5a  4096 Aug 24 16:26 sql
drwxrwxrwx  3 mhsatto k5a  4096 Oct 15 19:12 transfer
